Build started 11/3/2012 3:00:29 PM.
     1>Project "C:\Users\Joao\projects\hcmgr\hcmgr\hcmgr.vcxproj" on node 2 (Build target(s)).
     1>ClCompile:
         C:\Program Files (x86)\Microsoft Visual Studio 11.0\VC\bin\CL.exe /c /ZI /nologo /W3 /WX- /Od /Oy- /D WIN32 /D _DEBUG /D _CONSOLE /D _UNICODE /D UNICODE /Gm /EHsc /RTC1 /MDd /GS /fp:precise /Zc:wchar_t /Zc:forScope /Yu"stdafx.h" /Fp"Debug\hcmgr.pch" /Fo"Debug\\" /Fd"Debug\vc110.pdb" /Gd /TP /analyze- /errorReport:prompt Predicate.cpp PredicateEntry.cpp SymbolTable.cpp SymbolTableEntry.cpp
         SymbolTable.cpp
         PredicateEntry.cpp
         Generating Code...
         Skipping... (no relevant changes detected)
         SymbolTableEntry.cpp
         Predicate.cpp
       Link:
         C:\Program Files (x86)\Microsoft Visual Studio 11.0\VC\bin\link.exe /ERRORREPORT:PROMPT /OUT:"C:\Users\Joao\projects\hcmgr\Debug\hcmgr.exe" /INCREMENTAL /NOLOGO kernel32.lib user32.lib gdi32.lib winspool.lib comdlg32.lib advapi32.lib shell32.lib ole32.lib oleaut32.lib uuid.lib odbc32.lib odbccp32.lib /MANIFEST /MANIFESTUAC:"level='asInvoker' uiAccess='false'" /manifest:embed /DEBUG /PDB:"C:\Users\Joao\projects\hcmgr\Debug\hcmgr.pdb" /SUBSYSTEM:CONSOLE /TLBID:1 /DYNAMICBASE /NXCOMPAT /IMPLIB:"C:\Users\Joao\projects\hcmgr\Debug\hcmgr.lib" /MACHINE:X86 Debug\hcmgr.res
         Debug\Body.obj
         Debug\ConstantEntry.obj
         Debug\hcmgr.obj
         Debug\hcprocess.obj
         Debug\Head.obj
         Debug\HornClause.obj
         Debug\Name.obj
         Debug\Parser.obj
         Debug\Predicate.obj
         Debug\PredicateEntry.obj
         Debug\stdafx.obj
         Debug\string_utils.obj
         Debug\SubstitutionList.obj
         Debug\Symbol.obj
         Debug\SymbolEntry.obj
         Debug\SymbolTable.obj
         Debug\SymbolTableEntry.obj
         Debug\VariableEntry.obj
         hcmgr.vcxproj -> C:\Users\Joao\projects\hcmgr\Debug\hcmgr.exe
     1>Done Building Project "C:\Users\Joao\projects\hcmgr\hcmgr\hcmgr.vcxproj" (Build target(s)).

Build succeeded.

Time Elapsed 00:00:06.38
