C:\USERS\JOAO\PROJECTS\HCMGR\HCMGR\DEBUG\HCMGR.PCH
C:\USERS\JOAO\PROJECTS\HCMGR\HCMGR\DEBUG\STDAFX.OBJ
C:\USERS\JOAO\PROJECTS\HCMGR\HCMGR\DEBUG\VC110.PDB
C:\USERS\JOAO\PROJECTS\HCMGR\HCMGR\DEBUG\BODY.OBJ
C:\USERS\JOAO\PROJECTS\HCMGR\HCMGR\DEBUG\CONSTANTENTRY.OBJ
C:\USERS\JOAO\PROJECTS\HCMGR\HCMGR\DEBUG\HCMGR.OBJ
C:\USERS\JOAO\PROJECTS\HCMGR\HCMGR\DEBUG\HCPROCESS.OBJ
C:\USERS\JOAO\PROJECTS\HCMGR\HCMGR\DEBUG\HEAD.OBJ
C:\USERS\JOAO\PROJECTS\HCMGR\HCMGR\DEBUG\HORNCLAUSE.OBJ
C:\USERS\JOAO\PROJECTS\HCMGR\HCMGR\DEBUG\NAME.OBJ
C:\USERS\JOAO\PROJECTS\HCMGR\HCMGR\DEBUG\PARSER.OBJ
C:\USERS\JOAO\PROJECTS\HCMGR\HCMGR\DEBUG\PREDICATE.OBJ
C:\USERS\JOAO\PROJECTS\HCMGR\HCMGR\DEBUG\PREDICATEENTRY.OBJ
C:\USERS\JOAO\PROJECTS\HCMGR\HCMGR\DEBUG\STRING_UTILS.OBJ
C:\USERS\JOAO\PROJECTS\HCMGR\HCMGR\DEBUG\SYMBOL.OBJ
C:\USERS\JOAO\PROJECTS\HCMGR\HCMGR\DEBUG\SYMBOLENTRY.OBJ
C:\USERS\JOAO\PROJECTS\HCMGR\HCMGR\DEBUG\SYMBOLTABLE.OBJ
C:\USERS\JOAO\PROJECTS\HCMGR\HCMGR\DEBUG\SYMBOLTABLEENTRY.OBJ
C:\USERS\JOAO\PROJECTS\HCMGR\HCMGR\DEBUG\VARIABLEENTRY.OBJ
C:\USERS\JOAO\PROJECTS\HCMGR\DEBUG\HCMGR.ILK
C:\USERS\JOAO\PROJECTS\HCMGR\DEBUG\HCMGR.EXE
C:\USERS\JOAO\PROJECTS\HCMGR\DEBUG\HCMGR.PDB
C:\USERS\JOAO\PROJECTS\HCMGR\HCMGR\DEBUG\HCMGR.RES
C:\Users\Joao\projects\hcmgr\hcmgr\Debug\hcmgr.obj
C:\Users\Joao\projects\hcmgr\hcmgr\Debug\Name.obj
C:\Users\Joao\projects\hcmgr\hcmgr\Debug\stdafx.obj
C:\Users\Joao\projects\hcmgr\hcmgr\Debug\string_utils.obj
C:\Users\Joao\projects\hcmgr\hcmgr\Debug\Symbol.obj
C:\Users\Joao\projects\hcmgr\hcmgr\Debug\cl.command.1.tlog
C:\Users\Joao\projects\hcmgr\hcmgr\Debug\CL.read.1.tlog
C:\Users\Joao\projects\hcmgr\hcmgr\Debug\CL.write.1.tlog
C:\Users\Joao\projects\hcmgr\hcmgr\Debug\link-cvtres.read.1.tlog
C:\Users\Joao\projects\hcmgr\hcmgr\Debug\link-cvtres.write.1.tlog
C:\Users\Joao\projects\hcmgr\hcmgr\Debug\link-rc.read.1.tlog
C:\Users\Joao\projects\hcmgr\hcmgr\Debug\link-rc.write.1.tlog
C:\Users\Joao\projects\hcmgr\hcmgr\Debug\link.command.1.tlog
C:\Users\Joao\projects\hcmgr\hcmgr\Debug\link.read.1.tlog
C:\Users\Joao\projects\hcmgr\hcmgr\Debug\link.write.1.tlog
C:\Users\Joao\projects\hcmgr\hcmgr\Debug\rc.command.1.tlog
C:\Users\Joao\projects\hcmgr\hcmgr\Debug\rc.read.1.tlog
C:\Users\Joao\projects\hcmgr\hcmgr\Debug\rc.write.1.tlog
C:\Users\Joao\projects\hcmgr\hcmgr\Debug\hcmgr.res
C:\Users\Joao\projects\hcmgr\hcmgr\Debug\hcmgr.pch
C:\Users\Joao\projects\hcmgr\hcmgr\Debug\vc110.idb
C:\Users\Joao\projects\hcmgr\hcmgr\Debug\vc110.pdb
C:\Users\Joao\projects\hcmgr\Debug\hcmgr.pdb
C:\Users\Joao\projects\hcmgr\Debug\hcmgr.exe
C:\Users\Joao\projects\hcmgr\Debug\hcmgr.ilk
